<?xml version="1.0" encoding="UTF-8" ?>
<testsuite failures="0" time="7.575" errors="0" skipped="0" tests="5" name="com.earcrush.common.persistence.dao.impl.AccountDAOImplFunctionalTest">
  <properties>
[...]
</properties>
  <testcase time="6.046" classname="com.earcrush.common.persistence.dao.impl.AccountDAOImplFunctionalTest" name="testUnmarshall"/>
  <testcase time="0.088" classname="com.earcrush.common.persistence.dao.impl.AccountDAOImplFunctionalTest" name="testUniqueEmail"/>
  <testcase time="0.072" classname="com.earcrush.common.persistence.dao.impl.AccountDAOImplFunctionalTest" name="testUniqueEmailDifferentCase"/>
  <testcase time="0.332" classname="com.earcrush.common.persistence.dao.impl.AccountDAOImplFunctionalTest" name="testFindByEmail"/>
  <testcase time="0.071" classname="com.earcrush.common.persistence.dao.impl.AccountDAOImplFunctionalTest" name="testFindByEmailDifferentCase"/>
</testsuite>